2026-03-14 03:22:55,495 [INFO] Using device: cpu
2026-03-14 03:22:55,495 [INFO] Building vocabulary from training data...
2026-03-14 03:22:55,578 [INFO] Vocabulary size: 4,640
2026-03-14 03:22:55,579 [INFO] Loading datasets...
2026-03-14 03:22:55,624 [INFO] Train batches: 104 | Dev batches: 23
2026-03-14 03:22:55,676 [INFO] Model parameters: 1,258,068
2026-03-14 03:22:57,632 [INFO] ============================================================
2026-03-14 03:22:57,632 [INFO] Starting training
2026-03-14 03:22:57,632 [INFO] ============================================================
2026-03-14 03:23:03,729 [INFO] Epoch 01/10 | Train Loss: 2.2601 | Val Loss: 0.6230 | Val F1: 0.0247 | Time: 5.5s
2026-03-14 03:23:03,729 [INFO]   DATE         P=1.000 R=0.018 F1=0.036
2026-03-14 03:23:03,730 [INFO]   DOCTOR       P=0.000 R=0.000 F1=0.000
2026-03-14 03:23:03,730 [INFO]   EMAIL        P=0.000 R=0.000 F1=0.000
2026-03-14 03:23:03,730 [INFO]   HOSPITAL     P=0.000 R=0.000 F1=0.000
2026-03-14 03:23:03,730 [INFO]   LOCATION     P=0.000 R=0.000 F1=0.000
2026-03-14 03:23:03,730 [INFO]   PHONE        P=0.000 R=0.000 F1=0.000
2026-03-14 03:23:09,550 [INFO] Epoch 02/10 | Train Loss: 0.3415 | Val Loss: 0.4571 | Val F1: 0.6143 | Time: 5.1s
2026-03-14 03:23:09,551 [INFO]   DATE         P=0.702 R=0.727 F1=0.714
2026-03-14 03:23:09,551 [INFO]   DOCTOR       P=1.000 R=1.000 F1=1.000
2026-03-14 03:23:09,551 [INFO]   EMAIL        P=0.000 R=0.000 F1=0.000
2026-03-14 03:23:09,551 [INFO]   HOSPITAL     P=0.000 R=0.000 F1=0.000
2026-03-14 03:23:09,551 [INFO]   LOCATION     P=0.000 R=0.000 F1=0.000
2026-03-14 03:23:09,551 [INFO]   PHONE        P=0.000 R=0.000 F1=0.000
2026-03-14 03:23:17,650 [INFO] Epoch 03/10 | Train Loss: 0.1607 | Val Loss: 0.4247 | Val F1: 0.7081 | Time: 7.1s
2026-03-14 03:23:17,650 [INFO]   DATE         P=0.818 R=0.818 F1=0.818
2026-03-14 03:23:17,651 [INFO]   DOCTOR       P=1.000 R=1.000 F1=1.000
2026-03-14 03:23:17,651 [INFO]   EMAIL        P=0.000 R=0.000 F1=0.000
2026-03-14 03:23:17,651 [INFO]   HOSPITAL     P=0.000 R=0.000 F1=0.000
2026-03-14 03:23:17,651 [INFO]   LOCATION     P=0.294 R=0.455 F1=0.357
2026-03-14 03:23:17,651 [INFO]   PHONE        P=0.667 R=0.667 F1=0.667
2026-03-14 03:23:26,005 [INFO] Epoch 04/10 | Train Loss: 0.0871 | Val Loss: 0.4156 | Val F1: 0.7516 | Time: 7.4s
2026-03-14 03:23:26,005 [INFO]   DATE         P=0.750 R=0.818 F1=0.783
2026-03-14 03:23:26,005 [INFO]   DOCTOR       P=1.000 R=1.000 F1=1.000
2026-03-14 03:23:26,005 [INFO]   EMAIL        P=0.000 R=0.000 F1=0.000
2026-03-14 03:23:26,006 [INFO]   HOSPITAL     P=0.000 R=0.000 F1=0.000
2026-03-14 03:23:26,006 [INFO]   LOCATION     P=1.000 R=0.636 F1=0.778
2026-03-14 03:23:26,006 [INFO]   PHONE        P=0.571 R=0.667 F1=0.615
2026-03-14 03:23:34,253 [INFO] Epoch 05/10 | Train Loss: 0.0422 | Val Loss: 0.4080 | Val F1: 0.7929 | Time: 7.4s
2026-03-14 03:23:34,254 [INFO]   DATE         P=0.746 R=0.855 F1=0.797
2026-03-14 03:23:34,254 [INFO]   DOCTOR       P=1.000 R=1.000 F1=1.000
2026-03-14 03:23:34,254 [INFO]   EMAIL        P=1.000 R=0.750 F1=0.857
2026-03-14 03:23:34,254 [INFO]   HOSPITAL     P=0.000 R=0.000 F1=0.000
2026-03-14 03:23:34,255 [INFO]   LOCATION     P=0.692 R=0.818 F1=0.750
2026-03-14 03:23:34,255 [INFO]   PHONE        P=0.714 R=0.833 F1=0.769
2026-03-14 03:23:42,352 [INFO] Epoch 06/10 | Train Loss: 0.0118 | Val Loss: 0.2708 | Val F1: 0.8395 | Time: 7.2s
2026-03-14 03:23:42,352 [INFO]   DATE         P=0.797 R=0.855 F1=0.825
2026-03-14 03:23:42,352 [INFO]   DOCTOR       P=1.000 R=1.000 F1=1.000
2026-03-14 03:23:42,353 [INFO]   EMAIL        P=1.000 R=1.000 F1=1.000
2026-03-14 03:23:42,353 [INFO]   HOSPITAL     P=0.000 R=0.000 F1=0.000
2026-03-14 03:23:42,353 [INFO]   LOCATION     P=1.000 R=0.818 F1=0.900
2026-03-14 03:23:42,353 [INFO]   PHONE        P=0.714 R=0.833 F1=0.769
2026-03-14 03:23:50,648 [INFO] Epoch 07/10 | Train Loss: -0.0146 | Val Loss: 0.3471 | Val F1: 0.7486 | Time: 7.4s
2026-03-14 03:23:50,648 [INFO]   DATE         P=0.770 R=0.855 F1=0.810
2026-03-14 03:23:50,649 [INFO]   DOCTOR       P=1.000 R=1.000 F1=1.000
2026-03-14 03:23:50,649 [INFO]   EMAIL        P=0.400 R=1.000 F1=0.571
2026-03-14 03:23:50,649 [INFO]   HOSPITAL     P=0.000 R=0.000 F1=0.000
2026-03-14 03:23:50,649 [INFO]   LOCATION     P=0.500 R=0.727 F1=0.593
2026-03-14 03:23:50,649 [INFO]   PHONE        P=0.556 R=0.833 F1=0.667
2026-03-14 03:23:58,867 [INFO] Epoch 08/10 | Train Loss: -0.0202 | Val Loss: 0.1773 | Val F1: 0.8535 | Time: 7.3s
2026-03-14 03:23:58,868 [INFO]   DATE         P=0.922 R=0.855 F1=0.887
2026-03-14 03:23:58,868 [INFO]   DOCTOR       P=1.000 R=1.000 F1=1.000
2026-03-14 03:23:58,868 [INFO]   EMAIL        P=0.600 R=0.750 F1=0.667
2026-03-14 03:23:58,869 [INFO]   HOSPITAL     P=0.000 R=0.000 F1=0.000
2026-03-14 03:23:58,869 [INFO]   LOCATION     P=0.900 R=0.818 F1=0.857
2026-03-14 03:23:58,869 [INFO]   PHONE        P=0.625 R=0.833 F1=0.714
2026-03-14 03:24:06,924 [INFO] Epoch 09/10 | Train Loss: -0.0354 | Val Loss: 0.1526 | Val F1: 0.8947 | Time: 7.2s
2026-03-14 03:24:06,924 [INFO]   DATE         P=0.940 R=0.855 F1=0.895
2026-03-14 03:24:06,924 [INFO]   DOCTOR       P=1.000 R=1.000 F1=1.000
2026-03-14 03:24:06,924 [INFO]   EMAIL        P=1.000 R=1.000 F1=1.000
2026-03-14 03:24:06,925 [INFO]   HOSPITAL     P=0.000 R=0.000 F1=0.000
2026-03-14 03:24:06,925 [INFO]   LOCATION     P=1.000 R=0.818 F1=0.900
2026-03-14 03:24:06,925 [INFO]   PHONE        P=0.833 R=0.833 F1=0.833
2026-03-14 03:24:15,680 [INFO] Epoch 10/10 | Train Loss: -0.0458 | Val Loss: 0.1385 | Val F1: 0.8889 | Time: 7.8s
2026-03-14 03:24:15,681 [INFO]   DATE         P=0.940 R=0.855 F1=0.895
2026-03-14 03:24:15,681 [INFO]   DOCTOR       P=1.000 R=1.000 F1=1.000
2026-03-14 03:24:15,681 [INFO]   EMAIL        P=1.000 R=1.000 F1=1.000
2026-03-14 03:24:15,681 [INFO]   HOSPITAL     P=0.000 R=0.000 F1=0.000
2026-03-14 03:24:15,681 [INFO]   LOCATION     P=1.000 R=0.818 F1=0.900
2026-03-14 03:24:15,682 [INFO]   PHONE        P=0.714 R=0.833 F1=0.769
2026-03-14 03:24:15,706 [INFO] ============================================================
2026-03-14 03:24:15,707 [INFO] Training complete. Best Val F1: 0.8947
2026-03-14 03:24:15,712 [INFO] ============================================================
2026-03-14 03:27:45,479 [INFO] Using device: cpu
2026-03-14 03:27:45,481 [INFO] Loading existing vocabulary from D:\Projects\phi_deidentification\data\vocab.txt
2026-03-14 03:27:45,483 [INFO] Vocabulary size: 4,640
2026-03-14 03:27:45,483 [INFO] Loading datasets...
2026-03-14 03:27:45,554 [INFO] Train batches: 104 | Dev batches: 23
2026-03-14 03:27:45,570 [INFO] Model parameters: 1,258,068
2026-03-14 03:27:46,705 [INFO] ============================================================
2026-03-14 03:27:46,706 [INFO] Starting training
2026-03-14 03:27:46,706 [INFO] ============================================================
2026-03-14 03:27:52,504 [INFO] Epoch 01/10 | Train Loss: 2.3488 | Val Loss: 0.5730 | Val F1: 0.2151 | Time: 5.2s
2026-03-14 03:27:52,504 [INFO]   DATE         P=0.769 R=0.182 F1=0.294
2026-03-14 03:27:52,504 [INFO]   DOCTOR       P=0.000 R=0.000 F1=0.000
2026-03-14 03:27:52,504 [INFO]   EMAIL        P=0.000 R=0.000 F1=0.000
2026-03-14 03:27:52,504 [INFO]   HOSPITAL     P=0.000 R=0.000 F1=0.000
2026-03-14 03:27:52,504 [INFO]   LOCATION     P=0.000 R=0.000 F1=0.000
2026-03-14 03:27:52,506 [INFO]   PHONE        P=0.000 R=0.000 F1=0.000
2026-03-14 03:27:58,593 [INFO] Epoch 02/10 | Train Loss: 0.3344 | Val Loss: 0.3353 | Val F1: 0.6719 | Time: 5.2s
2026-03-14 03:27:58,593 [INFO]   DATE         P=0.930 R=0.727 F1=0.816
2026-03-14 03:27:58,594 [INFO]   DOCTOR       P=1.000 R=1.000 F1=1.000
2026-03-14 03:27:58,594 [INFO]   EMAIL        P=0.000 R=0.000 F1=0.000
2026-03-14 03:27:58,594 [INFO]   HOSPITAL     P=0.000 R=0.000 F1=0.000
2026-03-14 03:27:58,594 [INFO]   LOCATION     P=0.000 R=0.000 F1=0.000
2026-03-14 03:27:58,594 [INFO]   PHONE        P=0.000 R=0.000 F1=0.000
2026-03-14 03:28:04,305 [INFO] Epoch 03/10 | Train Loss: 0.1674 | Val Loss: 0.2548 | Val F1: 0.8571 | Time: 5.1s
2026-03-14 03:28:04,306 [INFO]   DATE         P=1.000 R=0.836 F1=0.911
2026-03-14 03:28:04,306 [INFO]   DOCTOR       P=1.000 R=1.000 F1=1.000
2026-03-14 03:28:04,306 [INFO]   EMAIL        P=0.000 R=0.000 F1=0.000
2026-03-14 03:28:04,306 [INFO]   HOSPITAL     P=0.000 R=0.000 F1=0.000
2026-03-14 03:28:04,307 [INFO]   LOCATION     P=1.000 R=0.636 F1=0.778
2026-03-14 03:28:04,307 [INFO]   PHONE        P=1.000 R=0.667 F1=0.800
2026-03-14 03:28:09,968 [INFO] Epoch 04/10 | Train Loss: 0.0850 | Val Loss: 0.2118 | Val F1: 0.8571 | Time: 5.1s
2026-03-14 03:28:09,969 [INFO]   DATE         P=1.000 R=0.836 F1=0.911
2026-03-14 03:28:09,969 [INFO]   DOCTOR       P=1.000 R=1.000 F1=1.000
2026-03-14 03:28:09,969 [INFO]   EMAIL        P=1.000 R=0.750 F1=0.857
2026-03-14 03:28:09,969 [INFO]   HOSPITAL     P=0.000 R=0.000 F1=0.000
2026-03-14 03:28:09,969 [INFO]   LOCATION     P=0.778 R=0.636 F1=0.700
2026-03-14 03:28:09,969 [INFO]   PHONE        P=0.667 R=0.667 F1=0.667
2026-03-14 03:28:15,803 [INFO] Epoch 05/10 | Train Loss: 0.0282 | Val Loss: 0.2329 | Val F1: 0.8477 | Time: 5.1s
2026-03-14 03:28:15,804 [INFO]   DATE         P=1.000 R=0.836 F1=0.911
2026-03-14 03:28:15,804 [INFO]   DOCTOR       P=1.000 R=1.000 F1=1.000
2026-03-14 03:28:15,804 [INFO]   EMAIL        P=0.667 R=1.000 F1=0.800
2026-03-14 03:28:15,804 [INFO]   HOSPITAL     P=0.000 R=0.000 F1=0.000
2026-03-14 03:28:15,804 [INFO]   LOCATION     P=0.600 R=0.545 F1=0.571
2026-03-14 03:28:15,805 [INFO]   PHONE        P=0.833 R=0.833 F1=0.833
2026-03-14 03:28:21,575 [INFO] Epoch 06/10 | Train Loss: 0.0023 | Val Loss: 0.2305 | Val F1: 0.8919 | Time: 5.2s
2026-03-14 03:28:21,575 [INFO]   DATE         P=1.000 R=0.836 F1=0.911
2026-03-14 03:28:21,575 [INFO]   DOCTOR       P=1.000 R=1.000 F1=1.000
2026-03-14 03:28:21,576 [INFO]   EMAIL        P=0.800 R=1.000 F1=0.889
2026-03-14 03:28:21,576 [INFO]   HOSPITAL     P=0.000 R=0.000 F1=0.000
2026-03-14 03:28:21,576 [INFO]   LOCATION     P=0.889 R=0.727 F1=0.800
2026-03-14 03:28:21,576 [INFO]   PHONE        P=1.000 R=0.833 F1=0.909
2026-03-14 03:28:27,208 [INFO] Epoch 07/10 | Train Loss: -0.0102 | Val Loss: 0.2180 | Val F1: 0.8904 | Time: 5.0s
2026-03-14 03:28:27,208 [INFO]   DATE         P=1.000 R=0.836 F1=0.911
2026-03-14 03:28:27,209 [INFO]   DOCTOR       P=1.000 R=1.000 F1=1.000
2026-03-14 03:28:27,209 [INFO]   EMAIL        P=1.000 R=1.000 F1=1.000
2026-03-14 03:28:27,209 [INFO]   HOSPITAL     P=0.000 R=0.000 F1=0.000
2026-03-14 03:28:27,209 [INFO]   LOCATION     P=0.875 R=0.636 F1=0.737
2026-03-14 03:28:27,209 [INFO]   PHONE        P=1.000 R=0.833 F1=0.909
2026-03-14 03:28:33,007 [INFO] Epoch 08/10 | Train Loss: -0.0317 | Val Loss: 0.2042 | Val F1: 0.8859 | Time: 5.2s
2026-03-14 03:28:33,007 [INFO]   DATE         P=1.000 R=0.836 F1=0.911
2026-03-14 03:28:33,008 [INFO]   DOCTOR       P=1.000 R=1.000 F1=1.000
2026-03-14 03:28:33,008 [INFO]   EMAIL        P=1.000 R=1.000 F1=1.000
2026-03-14 03:28:33,008 [INFO]   HOSPITAL     P=0.000 R=0.000 F1=0.000
2026-03-14 03:28:33,008 [INFO]   LOCATION     P=0.800 R=0.727 F1=0.762
2026-03-14 03:28:33,008 [INFO]   PHONE        P=0.833 R=0.833 F1=0.833
2026-03-14 03:28:38,715 [INFO] Epoch 09/10 | Train Loss: -0.0388 | Val Loss: 0.1977 | Val F1: 0.9189 | Time: 5.1s
2026-03-14 03:28:38,715 [INFO]   DATE         P=1.000 R=0.855 F1=0.922
2026-03-14 03:28:38,715 [INFO]   DOCTOR       P=1.000 R=1.000 F1=1.000
2026-03-14 03:28:38,715 [INFO]   EMAIL        P=1.000 R=1.000 F1=1.000
2026-03-14 03:28:38,715 [INFO]   HOSPITAL     P=0.000 R=0.000 F1=0.000
2026-03-14 03:28:38,716 [INFO]   LOCATION     P=1.000 R=0.818 F1=0.900
2026-03-14 03:28:38,716 [INFO]   PHONE        P=1.000 R=0.833 F1=0.909
2026-03-14 03:28:44,627 [INFO] Epoch 10/10 | Train Loss: -0.0453 | Val Loss: 0.1769 | Val F1: 0.8980 | Time: 5.3s
2026-03-14 03:28:44,627 [INFO]   DATE         P=1.000 R=0.836 F1=0.911
2026-03-14 03:28:44,627 [INFO]   DOCTOR       P=1.000 R=1.000 F1=1.000
2026-03-14 03:28:44,628 [INFO]   EMAIL        P=1.000 R=1.000 F1=1.000
2026-03-14 03:28:44,628 [INFO]   HOSPITAL     P=0.000 R=0.000 F1=0.000
2026-03-14 03:28:44,628 [INFO]   LOCATION     P=0.889 R=0.727 F1=0.800
2026-03-14 03:28:44,628 [INFO]   PHONE        P=1.000 R=0.833 F1=0.909
2026-03-14 03:28:44,647 [INFO] ============================================================
2026-03-14 03:28:44,647 [INFO] Training complete. Best Val F1: 0.9189
2026-03-14 03:28:44,650 [INFO] ============================================================
2026-03-14 03:29:57,784 [INFO] Using device: cpu
2026-03-14 03:29:57,784 [INFO] Loading existing vocabulary from D:\Projects\phi_deidentification\data\vocab.txt
2026-03-14 03:29:57,788 [INFO] Vocabulary size: 4,640
2026-03-14 03:29:57,788 [INFO] Loading datasets...
2026-03-14 03:29:57,862 [INFO] Train batches: 104 | Dev batches: 23
2026-03-14 03:29:57,879 [INFO] Model parameters: 1,258,068
2026-03-14 03:29:59,166 [INFO] ============================================================
2026-03-14 03:29:59,167 [INFO] Starting training
2026-03-14 03:29:59,168 [INFO] ============================================================
2026-03-14 03:30:05,274 [INFO] Epoch 01/10 | Train Loss: 2.2564 | Val Loss: 0.6252 | Val F1: 0.1818 | Time: 5.5s
2026-03-14 03:30:05,275 [INFO]   DATE         P=1.000 R=0.145 F1=0.254
2026-03-14 03:30:05,275 [INFO]   DOCTOR       P=0.000 R=0.000 F1=0.000
2026-03-14 03:30:05,275 [INFO]   EMAIL        P=0.000 R=0.000 F1=0.000
2026-03-14 03:30:05,275 [INFO]   HOSPITAL     P=0.000 R=0.000 F1=0.000
2026-03-14 03:30:05,275 [INFO]   LOCATION     P=0.000 R=0.000 F1=0.000
2026-03-14 03:30:05,276 [INFO]   PHONE        P=0.000 R=0.000 F1=0.000
2026-03-14 03:30:10,967 [INFO] Epoch 02/10 | Train Loss: 0.3331 | Val Loss: 0.3492 | Val F1: 0.6512 | Time: 5.1s
2026-03-14 03:30:10,967 [INFO]   DATE         P=0.867 R=0.709 F1=0.780
2026-03-14 03:30:10,967 [INFO]   DOCTOR       P=1.000 R=1.000 F1=1.000
2026-03-14 03:30:10,968 [INFO]   EMAIL        P=0.000 R=0.000 F1=0.000
2026-03-14 03:30:10,968 [INFO]   HOSPITAL     P=0.000 R=0.000 F1=0.000
2026-03-14 03:30:10,968 [INFO]   LOCATION     P=0.000 R=0.000 F1=0.000
2026-03-14 03:30:10,968 [INFO]   PHONE        P=0.000 R=0.000 F1=0.000
2026-03-14 03:30:16,417 [INFO] Epoch 03/10 | Train Loss: 0.1655 | Val Loss: 0.2361 | Val F1: 0.8000 | Time: 4.8s
2026-03-14 03:30:16,418 [INFO]   DATE         P=0.978 R=0.800 F1=0.880
2026-03-14 03:30:16,418 [INFO]   DOCTOR       P=1.000 R=1.000 F1=1.000
2026-03-14 03:30:16,418 [INFO]   EMAIL        P=0.000 R=0.000 F1=0.000
2026-03-14 03:30:16,418 [INFO]   HOSPITAL     P=0.000 R=0.000 F1=0.000
2026-03-14 03:30:16,419 [INFO]   LOCATION     P=0.625 R=0.455 F1=0.526
2026-03-14 03:30:16,419 [INFO]   PHONE        P=1.000 R=0.667 F1=0.800
2026-03-14 03:30:22,426 [INFO] Epoch 04/10 | Train Loss: 0.0908 | Val Loss: 0.1810 | Val F1: 0.8493 | Time: 5.3s
2026-03-14 03:30:22,426 [INFO]   DATE         P=1.000 R=0.818 F1=0.900
2026-03-14 03:30:22,426 [INFO]   DOCTOR       P=1.000 R=1.000 F1=1.000
2026-03-14 03:30:22,427 [INFO]   EMAIL        P=1.000 R=0.750 F1=0.857
2026-03-14 03:30:22,427 [INFO]   HOSPITAL     P=0.000 R=0.000 F1=0.000
2026-03-14 03:30:22,427 [INFO]   LOCATION     P=0.875 R=0.636 F1=0.737
2026-03-14 03:30:22,427 [INFO]   PHONE        P=0.571 R=0.667 F1=0.615
2026-03-14 03:30:27,882 [INFO] Epoch 05/10 | Train Loss: 0.0341 | Val Loss: 0.1586 | Val F1: 0.8649 | Time: 4.8s
2026-03-14 03:30:27,882 [INFO]   DATE         P=1.000 R=0.836 F1=0.911
2026-03-14 03:30:27,882 [INFO]   DOCTOR       P=1.000 R=1.000 F1=1.000
2026-03-14 03:30:27,883 [INFO]   EMAIL        P=1.000 R=0.750 F1=0.857
2026-03-14 03:30:27,883 [INFO]   HOSPITAL     P=0.000 R=0.000 F1=0.000
2026-03-14 03:30:27,883 [INFO]   LOCATION     P=0.889 R=0.727 F1=0.800
2026-03-14 03:30:27,883 [INFO]   PHONE        P=0.571 R=0.667 F1=0.615
2026-03-14 03:30:33,100 [INFO] Epoch 06/10 | Train Loss: 0.0022 | Val Loss: 0.1613 | Val F1: 0.8859 | Time: 4.7s
2026-03-14 03:30:33,100 [INFO]   DATE         P=1.000 R=0.836 F1=0.911
2026-03-14 03:30:33,100 [INFO]   DOCTOR       P=1.000 R=1.000 F1=1.000
2026-03-14 03:30:33,101 [INFO]   EMAIL        P=1.000 R=0.750 F1=0.857
2026-03-14 03:30:33,101 [INFO]   HOSPITAL     P=0.000 R=0.000 F1=0.000
2026-03-14 03:30:33,101 [INFO]   LOCATION     P=0.818 R=0.818 F1=0.818
2026-03-14 03:30:33,101 [INFO]   PHONE        P=0.833 R=0.833 F1=0.833
2026-03-14 03:30:38,512 [INFO] Epoch 07/10 | Train Loss: -0.0120 | Val Loss: 0.1642 | Val F1: 0.8980 | Time: 4.8s
2026-03-14 03:30:38,512 [INFO]   DATE         P=1.000 R=0.836 F1=0.911
2026-03-14 03:30:38,513 [INFO]   DOCTOR       P=1.000 R=1.000 F1=1.000
2026-03-14 03:30:38,513 [INFO]   EMAIL        P=1.000 R=0.750 F1=0.857
2026-03-14 03:30:38,513 [INFO]   HOSPITAL     P=0.000 R=0.000 F1=0.000
2026-03-14 03:30:38,513 [INFO]   LOCATION     P=1.000 R=0.818 F1=0.900
2026-03-14 03:30:38,513 [INFO]   PHONE        P=0.833 R=0.833 F1=0.833
2026-03-14 03:30:44,012 [INFO] Epoch 08/10 | Train Loss: -0.0222 | Val Loss: 0.1633 | Val F1: 0.8919 | Time: 4.9s
2026-03-14 03:30:44,012 [INFO]   DATE         P=1.000 R=0.836 F1=0.911
2026-03-14 03:30:44,012 [INFO]   DOCTOR       P=1.000 R=1.000 F1=1.000
2026-03-14 03:30:44,012 [INFO]   EMAIL        P=1.000 R=0.750 F1=0.857
2026-03-14 03:30:44,013 [INFO]   HOSPITAL     P=0.000 R=0.000 F1=0.000
2026-03-14 03:30:44,013 [INFO]   LOCATION     P=0.900 R=0.818 F1=0.857
2026-03-14 03:30:44,013 [INFO]   PHONE        P=0.833 R=0.833 F1=0.833
2026-03-14 03:30:49,360 [INFO] Epoch 09/10 | Train Loss: -0.0409 | Val Loss: 0.1549 | Val F1: 0.8919 | Time: 4.8s
2026-03-14 03:30:49,360 [INFO]   DATE         P=1.000 R=0.836 F1=0.911
2026-03-14 03:30:49,360 [INFO]   DOCTOR       P=1.000 R=1.000 F1=1.000
2026-03-14 03:30:49,360 [INFO]   EMAIL        P=1.000 R=0.750 F1=0.857
2026-03-14 03:30:49,360 [INFO]   HOSPITAL     P=0.000 R=0.000 F1=0.000
2026-03-14 03:30:49,360 [INFO]   LOCATION     P=0.900 R=0.818 F1=0.857
2026-03-14 03:30:49,360 [INFO]   PHONE        P=0.833 R=0.833 F1=0.833
2026-03-14 03:30:54,680 [INFO] Epoch 10/10 | Train Loss: -0.0515 | Val Loss: 0.1722 | Val F1: 0.8919 | Time: 4.8s
2026-03-14 03:30:54,680 [INFO]   DATE         P=1.000 R=0.836 F1=0.911
2026-03-14 03:30:54,680 [INFO]   DOCTOR       P=1.000 R=1.000 F1=1.000
2026-03-14 03:30:54,680 [INFO]   EMAIL        P=1.000 R=0.750 F1=0.857
2026-03-14 03:30:54,680 [INFO]   HOSPITAL     P=0.000 R=0.000 F1=0.000
2026-03-14 03:30:54,681 [INFO]   LOCATION     P=0.900 R=0.818 F1=0.857
2026-03-14 03:30:54,681 [INFO]   PHONE        P=0.833 R=0.833 F1=0.833
2026-03-14 03:30:54,700 [INFO] ============================================================
2026-03-14 03:30:54,700 [INFO] Training complete. Best Val F1: 0.8980
2026-03-14 03:30:54,703 [INFO] ============================================================
2026-03-14 03:35:40,911 [INFO] Using device: cpu
2026-03-14 03:35:40,912 [INFO] Loading vocabulary from D:\Projects\phi_deidentification\data\vocab.txt
2026-03-14 03:35:40,914 [INFO] Vocabulary size: 4640
2026-03-14 03:35:41,018 [INFO] Model parameters: 1258068
2026-03-14 03:35:42,054 [INFO] ============================================================
2026-03-14 03:35:42,054 [INFO] Starting training
2026-03-14 03:35:42,054 [INFO] ============================================================
2026-03-14 03:35:47,218 [INFO] Epoch 1/10 | Train Loss: 2.3359 | Val Loss: 0.5421 | Val F1: 0.1818 | Time: 5.2s
2026-03-14 03:35:47,218 [INFO] DATE         P=1.000 R=0.145 F1=0.254
2026-03-14 03:35:47,219 [INFO] DOCTOR       P=0.000 R=0.000 F1=0.000
2026-03-14 03:35:47,219 [INFO] EMAIL        P=0.000 R=0.000 F1=0.000
2026-03-14 03:35:47,219 [INFO] HOSPITAL     P=0.000 R=0.000 F1=0.000
2026-03-14 03:35:47,219 [INFO] LOCATION     P=0.000 R=0.000 F1=0.000
2026-03-14 03:35:47,219 [INFO] PHONE        P=0.000 R=0.000 F1=0.000
2026-03-14 03:35:47,238 [INFO] Checkpoint saved -> D:\Projects\phi_deidentification\checkpoints\best_model.pt
2026-03-14 03:35:47,238 [INFO] New best model F1=0.1818
2026-03-14 03:35:52,426 [INFO] Epoch 2/10 | Train Loss: 0.3053 | Val Loss: 0.3554 | Val F1: 0.7273 | Time: 5.2s
2026-03-14 03:35:52,427 [INFO] DATE         P=0.918 R=0.818 F1=0.865
2026-03-14 03:35:52,427 [INFO] DOCTOR       P=1.000 R=1.000 F1=1.000
2026-03-14 03:35:52,427 [INFO] EMAIL        P=0.000 R=0.000 F1=0.000
2026-03-14 03:35:52,428 [INFO] HOSPITAL     P=0.000 R=0.000 F1=0.000
2026-03-14 03:35:52,428 [INFO] LOCATION     P=0.000 R=0.000 F1=0.000
2026-03-14 03:35:52,428 [INFO] PHONE        P=0.000 R=0.000 F1=0.000
2026-03-14 03:35:52,442 [INFO] Checkpoint saved -> D:\Projects\phi_deidentification\checkpoints\best_model.pt
2026-03-14 03:35:52,442 [INFO] New best model F1=0.7273
2026-03-14 03:35:57,608 [INFO] Epoch 3/10 | Train Loss: 0.1535 | Val Loss: 0.2873 | Val F1: 0.8029 | Time: 5.2s
2026-03-14 03:35:57,609 [INFO] DATE         P=0.978 R=0.818 F1=0.891
2026-03-14 03:35:57,609 [INFO] DOCTOR       P=1.000 R=1.000 F1=1.000
2026-03-14 03:35:57,609 [INFO] EMAIL        P=0.000 R=0.000 F1=0.000
2026-03-14 03:35:57,609 [INFO] HOSPITAL     P=0.000 R=0.000 F1=0.000
2026-03-14 03:35:57,609 [INFO] LOCATION     P=1.000 R=0.273 F1=0.429
2026-03-14 03:35:57,610 [INFO] PHONE        P=0.800 R=0.667 F1=0.727
2026-03-14 03:35:57,624 [INFO] Checkpoint saved -> D:\Projects\phi_deidentification\checkpoints\best_model.pt
2026-03-14 03:35:57,625 [INFO] New best model F1=0.8029
2026-03-14 03:36:02,827 [INFO] Epoch 4/10 | Train Loss: 0.0800 | Val Loss: 0.2403 | Val F1: 0.8356 | Time: 5.2s
2026-03-14 03:36:02,828 [INFO] DATE         P=0.978 R=0.818 F1=0.891
2026-03-14 03:36:02,828 [INFO] DOCTOR       P=1.000 R=1.000 F1=1.000
2026-03-14 03:36:02,828 [INFO] EMAIL        P=1.000 R=0.750 F1=0.857
2026-03-14 03:36:02,828 [INFO] HOSPITAL     P=0.000 R=0.000 F1=0.000
2026-03-14 03:36:02,828 [INFO] LOCATION     P=0.750 R=0.545 F1=0.632
2026-03-14 03:36:02,828 [INFO] PHONE        P=0.667 R=0.667 F1=0.667
2026-03-14 03:36:02,844 [INFO] Checkpoint saved -> D:\Projects\phi_deidentification\checkpoints\best_model.pt
2026-03-14 03:36:02,844 [INFO] New best model F1=0.8356
2026-03-14 03:36:08,190 [INFO] Epoch 5/10 | Train Loss: 0.0320 | Val Loss: 0.2373 | Val F1: 0.8421 | Time: 5.3s
2026-03-14 03:36:08,191 [INFO] DATE         P=0.959 R=0.855 F1=0.904
2026-03-14 03:36:08,191 [INFO] DOCTOR       P=1.000 R=1.000 F1=1.000
2026-03-14 03:36:08,191 [INFO] EMAIL        P=1.000 R=0.750 F1=0.857
2026-03-14 03:36:08,191 [INFO] HOSPITAL     P=0.000 R=0.000 F1=0.000
2026-03-14 03:36:08,191 [INFO] LOCATION     P=0.778 R=0.636 F1=0.700
2026-03-14 03:36:08,191 [INFO] PHONE        P=0.500 R=0.667 F1=0.571
2026-03-14 03:36:08,209 [INFO] Checkpoint saved -> D:\Projects\phi_deidentification\checkpoints\best_model.pt
2026-03-14 03:36:08,209 [INFO] New best model F1=0.8421
2026-03-14 03:36:13,660 [INFO] Epoch 6/10 | Train Loss: 0.0059 | Val Loss: 0.2263 | Val F1: 0.8844 | Time: 5.5s
2026-03-14 03:36:13,661 [INFO] DATE         P=1.000 R=0.836 F1=0.911
2026-03-14 03:36:13,661 [INFO] DOCTOR       P=1.000 R=1.000 F1=1.000
2026-03-14 03:36:13,661 [INFO] EMAIL        P=1.000 R=0.750 F1=0.857
2026-03-14 03:36:13,661 [INFO] HOSPITAL     P=0.000 R=0.000 F1=0.000
2026-03-14 03:36:13,661 [INFO] LOCATION     P=0.800 R=0.727 F1=0.762
2026-03-14 03:36:13,662 [INFO] PHONE        P=1.000 R=0.833 F1=0.909
2026-03-14 03:36:13,680 [INFO] Checkpoint saved -> D:\Projects\phi_deidentification\checkpoints\best_model.pt
2026-03-14 03:36:13,680 [INFO] New best model F1=0.8844
2026-03-14 03:36:21,559 [INFO] Epoch 7/10 | Train Loss: -0.0169 | Val Loss: 0.2438 | Val F1: 0.8767 | Time: 7.9s
2026-03-14 03:36:21,560 [INFO] DATE         P=1.000 R=0.836 F1=0.911
2026-03-14 03:36:21,560 [INFO] DOCTOR       P=1.000 R=1.000 F1=1.000
2026-03-14 03:36:21,560 [INFO] EMAIL        P=1.000 R=0.750 F1=0.857
2026-03-14 03:36:21,560 [INFO] HOSPITAL     P=0.000 R=0.000 F1=0.000
2026-03-14 03:36:21,560 [INFO] LOCATION     P=0.778 R=0.636 F1=0.700
2026-03-14 03:36:21,561 [INFO] PHONE        P=1.000 R=0.833 F1=0.909
2026-03-14 03:36:29,556 [INFO] Epoch 8/10 | Train Loss: -0.0289 | Val Loss: 0.2572 | Val F1: 0.8980 | Time: 8.0s
2026-03-14 03:36:29,557 [INFO] DATE         P=1.000 R=0.855 F1=0.922
2026-03-14 03:36:29,557 [INFO] DOCTOR       P=1.000 R=1.000 F1=1.000
2026-03-14 03:36:29,557 [INFO] EMAIL        P=1.000 R=0.750 F1=0.857
2026-03-14 03:36:29,557 [INFO] HOSPITAL     P=0.000 R=0.000 F1=0.000
2026-03-14 03:36:29,557 [INFO] LOCATION     P=0.889 R=0.727 F1=0.800
2026-03-14 03:36:29,558 [INFO] PHONE        P=1.000 R=0.833 F1=0.909
2026-03-14 03:36:29,578 [INFO] Checkpoint saved -> D:\Projects\phi_deidentification\checkpoints\best_model.pt
2026-03-14 03:36:29,578 [INFO] New best model F1=0.8980
2026-03-14 03:36:37,658 [INFO] Epoch 9/10 | Train Loss: -0.0455 | Val Loss: 0.2533 | Val F1: 0.9054 | Time: 8.1s
2026-03-14 03:36:37,658 [INFO] DATE         P=1.000 R=0.855 F1=0.922
2026-03-14 03:36:37,658 [INFO] DOCTOR       P=1.000 R=1.000 F1=1.000
2026-03-14 03:36:37,658 [INFO] EMAIL        P=1.000 R=0.750 F1=0.857
2026-03-14 03:36:37,658 [INFO] HOSPITAL     P=0.000 R=0.000 F1=0.000
2026-03-14 03:36:37,660 [INFO] LOCATION     P=1.000 R=0.818 F1=0.900
2026-03-14 03:36:37,660 [INFO] PHONE        P=0.833 R=0.833 F1=0.833
2026-03-14 03:36:37,681 [INFO] Checkpoint saved -> D:\Projects\phi_deidentification\checkpoints\best_model.pt
2026-03-14 03:36:37,682 [INFO] New best model F1=0.9054
2026-03-14 03:36:45,936 [INFO] Epoch 10/10 | Train Loss: -0.0501 | Val Loss: 0.2241 | Val F1: 0.9054 | Time: 8.3s
2026-03-14 03:36:45,936 [INFO] DATE         P=1.000 R=0.855 F1=0.922
2026-03-14 03:36:45,938 [INFO] DOCTOR       P=1.000 R=1.000 F1=1.000
2026-03-14 03:36:45,938 [INFO] EMAIL        P=1.000 R=0.750 F1=0.857
2026-03-14 03:36:45,938 [INFO] HOSPITAL     P=0.000 R=0.000 F1=0.000
2026-03-14 03:36:45,938 [INFO] LOCATION     P=1.000 R=0.818 F1=0.900
2026-03-14 03:36:45,938 [INFO] PHONE        P=0.833 R=0.833 F1=0.833
2026-03-14 03:36:45,960 [INFO] Checkpoint saved -> D:\Projects\phi_deidentification\checkpoints\final_model.pt
2026-03-14 03:36:45,961 [INFO] ============================================================
2026-03-14 03:36:45,962 [INFO] Training finished | Best F1: 0.9054
2026-03-14 03:36:45,962 [INFO] Best model -> D:\Projects\phi_deidentification\checkpoints\best_model.pt
2026-03-14 03:36:45,962 [INFO] Final model -> D:\Projects\phi_deidentification\checkpoints\final_model.pt
2026-03-14 03:36:45,962 [INFO] ============================================================
2026-03-14 03:51:36,539 [INFO] Using device: cpu
2026-03-14 03:51:36,539 [INFO] Loading vocabulary from D:\Projects\phi_deidentification\data\vocab.txt
2026-03-14 03:51:36,543 [INFO] Vocabulary size: 4640
2026-03-14 03:51:36,706 [INFO] Model parameters: 1258068
2026-03-14 03:51:37,858 [INFO] ============================================================
2026-03-14 03:51:37,858 [INFO] Starting training
2026-03-14 03:51:37,858 [INFO] ============================================================
2026-03-14 03:51:49,232 [INFO] Epoch 1/10 | Train Loss: 1.2676 | Val Loss: 0.2960 | Val F1: 0.6535 | Time: 11.4s
2026-03-14 03:51:49,233 [INFO] DATE         P=0.755 R=0.762 F1=0.759
2026-03-14 03:51:49,233 [INFO] DOCTOR       P=1.000 R=0.750 F1=0.857
2026-03-14 03:51:49,233 [INFO] EMAIL        P=0.000 R=0.000 F1=0.000
2026-03-14 03:51:49,233 [INFO] HOSPITAL     P=0.000 R=0.000 F1=0.000
2026-03-14 03:51:49,233 [INFO] LOCATION     P=0.000 R=0.000 F1=0.000
2026-03-14 03:51:49,233 [INFO] PHONE        P=0.000 R=0.000 F1=0.000
2026-03-14 03:51:49,252 [INFO] Checkpoint saved -> D:\Projects\phi_deidentification\checkpoints\best_model.pt
2026-03-14 03:51:49,252 [INFO] New best model F1=0.6535
2026-03-14 03:52:00,387 [INFO] Epoch 2/10 | Train Loss: 0.1235 | Val Loss: 0.1329 | Val F1: 0.8772 | Time: 11.1s
2026-03-14 03:52:00,387 [INFO] DATE         P=0.979 R=0.901 F1=0.938
2026-03-14 03:52:00,388 [INFO] DOCTOR       P=0.700 R=0.875 F1=0.778
2026-03-14 03:52:00,388 [INFO] EMAIL        P=1.000 R=0.750 F1=0.857
2026-03-14 03:52:00,388 [INFO] HOSPITAL     P=0.000 R=0.000 F1=0.000
2026-03-14 03:52:00,388 [INFO] LOCATION     P=0.636 R=0.737 F1=0.683
2026-03-14 03:52:00,388 [INFO] PHONE        P=0.875 R=0.778 F1=0.824
2026-03-14 03:52:00,407 [INFO] Checkpoint saved -> D:\Projects\phi_deidentification\checkpoints\best_model.pt
2026-03-14 03:52:00,407 [INFO] New best model F1=0.8772
2026-03-14 03:52:12,221 [INFO] Epoch 3/10 | Train Loss: 0.0283 | Val Loss: 0.0430 | Val F1: 0.9051 | Time: 11.8s
2026-03-14 03:52:12,221 [INFO] DATE         P=1.000 R=0.861 F1=0.925
2026-03-14 03:52:12,222 [INFO] DOCTOR       P=0.875 R=0.875 F1=0.875
2026-03-14 03:52:12,222 [INFO] EMAIL        P=1.000 R=0.750 F1=0.857
2026-03-14 03:52:12,222 [INFO] HOSPITAL     P=0.000 R=0.000 F1=0.000
2026-03-14 03:52:12,222 [INFO] LOCATION     P=1.000 R=0.895 F1=0.944
2026-03-14 03:52:12,222 [INFO] PHONE        P=0.700 R=0.778 F1=0.737
2026-03-14 03:52:12,243 [INFO] Checkpoint saved -> D:\Projects\phi_deidentification\checkpoints\best_model.pt
2026-03-14 03:52:12,243 [INFO] New best model F1=0.9051
2026-03-14 03:52:27,189 [INFO] Epoch 4/10 | Train Loss: -0.0131 | Val Loss: 0.0142 | Val F1: 0.9053 | Time: 14.9s
2026-03-14 03:52:27,190 [INFO] DATE         P=0.989 R=0.881 F1=0.932
2026-03-14 03:52:27,190 [INFO] DOCTOR       P=1.000 R=1.000 F1=1.000
2026-03-14 03:52:27,190 [INFO] EMAIL        P=0.750 R=0.750 F1=0.750
2026-03-14 03:52:27,190 [INFO] HOSPITAL     P=0.000 R=0.000 F1=0.000
2026-03-14 03:52:27,190 [INFO] LOCATION     P=0.750 R=0.947 F1=0.837
2026-03-14 03:52:27,191 [INFO] PHONE        P=0.889 R=0.889 F1=0.889
2026-03-14 03:52:27,211 [INFO] Checkpoint saved -> D:\Projects\phi_deidentification\checkpoints\best_model.pt
2026-03-14 03:52:27,211 [INFO] New best model F1=0.9053
2026-03-14 03:52:43,704 [INFO] Epoch 5/10 | Train Loss: -0.0353 | Val Loss: -0.0290 | Val F1: 0.9343 | Time: 16.5s
2026-03-14 03:52:43,705 [INFO] DATE         P=0.970 R=0.960 F1=0.965
2026-03-14 03:52:43,705 [INFO] DOCTOR       P=1.000 R=1.000 F1=1.000
2026-03-14 03:52:43,705 [INFO] EMAIL        P=0.750 R=0.750 F1=0.750
2026-03-14 03:52:43,705 [INFO] HOSPITAL     P=0.000 R=0.000 F1=0.000
2026-03-14 03:52:43,705 [INFO] LOCATION     P=1.000 R=0.895 F1=0.944
2026-03-14 03:52:43,706 [INFO] PHONE        P=0.700 R=0.778 F1=0.737
2026-03-14 03:52:43,728 [INFO] Checkpoint saved -> D:\Projects\phi_deidentification\checkpoints\best_model.pt
2026-03-14 03:52:43,729 [INFO] New best model F1=0.9343
2026-03-14 03:53:00,155 [INFO] Epoch 6/10 | Train Loss: -0.0590 | Val Loss: -0.0279 | Val F1: 0.9524 | Time: 16.4s
2026-03-14 03:53:00,156 [INFO] DATE         P=0.942 R=0.970 F1=0.956
2026-03-14 03:53:00,156 [INFO] DOCTOR       P=1.000 R=1.000 F1=1.000
2026-03-14 03:53:00,156 [INFO] EMAIL        P=1.000 R=1.000 F1=1.000
2026-03-14 03:53:00,156 [INFO] HOSPITAL     P=0.000 R=0.000 F1=0.000
2026-03-14 03:53:00,156 [INFO] LOCATION     P=0.947 R=0.947 F1=0.947
2026-03-14 03:53:00,156 [INFO] PHONE        P=0.889 R=0.889 F1=0.889
2026-03-14 03:53:00,177 [INFO] Checkpoint saved -> D:\Projects\phi_deidentification\checkpoints\best_model.pt
2026-03-14 03:53:00,177 [INFO] New best model F1=0.9524
2026-03-14 03:53:16,823 [INFO] Epoch 7/10 | Train Loss: -0.0753 | Val Loss: -0.0271 | Val F1: 0.9281 | Time: 16.6s
2026-03-14 03:53:16,824 [INFO] DATE         P=1.000 R=0.881 F1=0.937
2026-03-14 03:53:16,824 [INFO] DOCTOR       P=1.000 R=1.000 F1=1.000
2026-03-14 03:53:16,824 [INFO] EMAIL        P=1.000 R=1.000 F1=1.000
2026-03-14 03:53:16,825 [INFO] HOSPITAL     P=0.000 R=0.000 F1=0.000
2026-03-14 03:53:16,825 [INFO] LOCATION     P=1.000 R=0.895 F1=0.944
2026-03-14 03:53:16,825 [INFO] PHONE        P=0.700 R=0.778 F1=0.737
2026-03-14 03:53:28,286 [INFO] Epoch 8/10 | Train Loss: -0.0864 | Val Loss: -0.0849 | Val F1: 0.9619 | Time: 11.5s
2026-03-14 03:53:28,286 [INFO] DATE         P=1.000 R=0.970 F1=0.985
2026-03-14 03:53:28,287 [INFO] DOCTOR       P=1.000 R=1.000 F1=1.000
2026-03-14 03:53:28,287 [INFO] EMAIL        P=1.000 R=0.750 F1=0.857
2026-03-14 03:53:28,287 [INFO] HOSPITAL     P=1.000 R=1.000 F1=1.000
2026-03-14 03:53:28,287 [INFO] LOCATION     P=0.857 R=0.947 F1=0.900
2026-03-14 03:53:28,287 [INFO] PHONE        P=0.889 R=0.889 F1=0.889
2026-03-14 03:53:28,307 [INFO] Checkpoint saved -> D:\Projects\phi_deidentification\checkpoints\best_model.pt
2026-03-14 03:53:28,307 [INFO] New best model F1=0.9619
2026-03-14 03:53:39,739 [INFO] Epoch 9/10 | Train Loss: -0.1079 | Val Loss: -0.1012 | Val F1: 0.9550 | Time: 11.4s
2026-03-14 03:53:39,739 [INFO] DATE         P=1.000 R=0.970 F1=0.985
2026-03-14 03:53:39,739 [INFO] DOCTOR       P=0.875 R=0.875 F1=0.875
2026-03-14 03:53:39,739 [INFO] EMAIL        P=1.000 R=0.750 F1=0.857
2026-03-14 03:53:39,740 [INFO] HOSPITAL     P=1.000 R=1.000 F1=1.000
2026-03-14 03:53:39,740 [INFO] LOCATION     P=0.857 R=0.947 F1=0.900
2026-03-14 03:53:39,740 [INFO] PHONE        P=0.889 R=0.889 F1=0.889
2026-03-14 03:53:50,855 [INFO] Epoch 10/10 | Train Loss: -0.1219 | Val Loss: -0.1143 | Val F1: 0.9759 | Time: 11.1s
2026-03-14 03:53:50,855 [INFO] DATE         P=1.000 R=0.970 F1=0.985
2026-03-14 03:53:50,855 [INFO] DOCTOR       P=1.000 R=1.000 F1=1.000
2026-03-14 03:53:50,855 [INFO] EMAIL        P=1.000 R=1.000 F1=1.000
2026-03-14 03:53:50,856 [INFO] HOSPITAL     P=1.000 R=1.000 F1=1.000
2026-03-14 03:53:50,856 [INFO] LOCATION     P=0.905 R=1.000 F1=0.950
2026-03-14 03:53:50,856 [INFO] PHONE        P=0.889 R=0.889 F1=0.889
2026-03-14 03:53:50,872 [INFO] Checkpoint saved -> D:\Projects\phi_deidentification\checkpoints\best_model.pt
2026-03-14 03:53:50,872 [INFO] New best model F1=0.9759
2026-03-14 03:53:50,891 [INFO] Checkpoint saved -> D:\Projects\phi_deidentification\checkpoints\final_model.pt
2026-03-14 03:53:50,892 [INFO] ============================================================
2026-03-14 03:53:50,892 [INFO] Training finished | Best F1: 0.9759
2026-03-14 03:53:50,892 [INFO] Best model -> D:\Projects\phi_deidentification\checkpoints\best_model.pt
2026-03-14 03:53:50,892 [INFO] Final model -> D:\Projects\phi_deidentification\checkpoints\final_model.pt
2026-03-14 03:53:50,892 [INFO] ============================================================
2026-03-14 04:01:25,036 [INFO] Using device: cpu
2026-03-14 04:01:25,036 [INFO] Loading vocabulary from D:\Projects\phi_deidentification\data\vocab.txt
2026-03-14 04:01:25,039 [INFO] Vocabulary size: 4640
2026-03-14 04:01:25,146 [INFO] Model parameters: 1258068
2026-03-14 04:01:26,271 [INFO] ============================================================
2026-03-14 04:01:26,271 [INFO] Starting training
2026-03-14 04:01:26,272 [INFO] ============================================================
2026-03-14 08:05:41,414 [INFO] Using device: cpu
2026-03-14 08:05:41,414 [INFO] Loading vocabulary from D:\Projects\phi_deidentification\data\vocab.txt
2026-03-14 08:05:41,417 [INFO] Vocabulary size: 4640
2026-03-14 08:05:42,231 [INFO] Model parameters: 1258068
2026-03-14 08:05:43,566 [INFO] ============================================================
2026-03-14 08:05:43,567 [INFO] Starting training
2026-03-14 08:05:43,567 [INFO] ============================================================
2026-03-14 08:06:31,111 [INFO] Epoch 1/10 | Train Loss: -3.9890 | Val Loss: -9.9819 | Val F1: 0.9999 | Time: 47.5s
2026-03-14 08:06:31,112 [INFO] DATE         P=1.000 R=1.000 F1=1.000
2026-03-14 08:06:31,112 [INFO] DOCTOR       P=1.000 R=1.000 F1=1.000
2026-03-14 08:06:31,112 [INFO] EMAIL        P=1.000 R=1.000 F1=1.000
2026-03-14 08:06:31,112 [INFO] HOSPITAL     P=1.000 R=1.000 F1=1.000
2026-03-14 08:06:31,112 [INFO] ID           P=1.000 R=1.000 F1=1.000
2026-03-14 08:06:31,112 [INFO] LOCATION     P=1.000 R=1.000 F1=1.000
2026-03-14 08:06:31,112 [INFO] NAME         P=1.000 R=1.000 F1=1.000
2026-03-14 08:06:31,114 [INFO] PHONE        P=1.000 R=1.000 F1=1.000
2026-03-14 08:06:31,135 [INFO] Checkpoint saved -> D:\Projects\phi_deidentification\checkpoints\best_model.pt
2026-03-14 08:06:31,136 [INFO] New best model F1=0.9999
2026-03-14 08:07:18,732 [INFO] Epoch 2/10 | Train Loss: -14.5056 | Val Loss: -19.5196 | Val F1: 1.0000 | Time: 47.6s
2026-03-14 08:07:18,733 [INFO] DATE         P=1.000 R=1.000 F1=1.000
2026-03-14 08:07:18,733 [INFO] DOCTOR       P=1.000 R=1.000 F1=1.000
2026-03-14 08:07:18,733 [INFO] EMAIL        P=1.000 R=1.000 F1=1.000
2026-03-14 08:07:18,733 [INFO] HOSPITAL     P=1.000 R=1.000 F1=1.000
2026-03-14 08:07:18,733 [INFO] ID           P=1.000 R=1.000 F1=1.000
2026-03-14 08:07:18,733 [INFO] LOCATION     P=1.000 R=1.000 F1=1.000
2026-03-14 08:07:18,733 [INFO] NAME         P=1.000 R=1.000 F1=1.000
2026-03-14 08:07:18,734 [INFO] PHONE        P=1.000 R=1.000 F1=1.000
2026-03-14 08:07:18,751 [INFO] Checkpoint saved -> D:\Projects\phi_deidentification\checkpoints\best_model.pt
2026-03-14 08:07:18,752 [INFO] New best model F1=1.0000
2026-03-14 08:08:06,124 [INFO] Epoch 3/10 | Train Loss: -23.8200 | Val Loss: -28.9548 | Val F1: 0.9998 | Time: 47.4s
2026-03-14 08:08:06,124 [INFO] DATE         P=1.000 R=1.000 F1=1.000
2026-03-14 08:08:06,124 [INFO] DOCTOR       P=1.000 R=1.000 F1=1.000
2026-03-14 08:08:06,124 [INFO] EMAIL        P=1.000 R=1.000 F1=1.000
2026-03-14 08:08:06,125 [INFO] HOSPITAL     P=1.000 R=1.000 F1=1.000
2026-03-14 08:08:06,125 [INFO] ID           P=1.000 R=1.000 F1=1.000
2026-03-14 08:08:06,125 [INFO] LOCATION     P=1.000 R=1.000 F1=1.000
2026-03-14 08:08:06,125 [INFO] NAME         P=1.000 R=1.000 F1=1.000
2026-03-14 08:08:06,125 [INFO] PHONE        P=1.000 R=1.000 F1=1.000
2026-03-14 08:08:56,208 [INFO] Epoch 4/10 | Train Loss: -33.0970 | Val Loss: -38.3756 | Val F1: 1.0000 | Time: 50.1s
2026-03-14 08:08:56,209 [INFO] DATE         P=1.000 R=1.000 F1=1.000
2026-03-14 08:08:56,209 [INFO] DOCTOR       P=1.000 R=1.000 F1=1.000
2026-03-14 08:08:56,209 [INFO] EMAIL        P=1.000 R=1.000 F1=1.000
2026-03-14 08:08:56,209 [INFO] HOSPITAL     P=1.000 R=1.000 F1=1.000
2026-03-14 08:08:56,209 [INFO] ID           P=1.000 R=1.000 F1=1.000
2026-03-14 08:08:56,209 [INFO] LOCATION     P=1.000 R=1.000 F1=1.000
2026-03-14 08:08:56,209 [INFO] NAME         P=1.000 R=1.000 F1=1.000
2026-03-14 08:08:56,211 [INFO] PHONE        P=1.000 R=1.000 F1=1.000
2026-03-14 08:09:53,097 [INFO] Epoch 5/10 | Train Loss: -42.3529 | Val Loss: -47.7847 | Val F1: 1.0000 | Time: 56.9s
2026-03-14 08:09:53,097 [INFO] DATE         P=1.000 R=1.000 F1=1.000
2026-03-14 08:09:53,098 [INFO] DOCTOR       P=1.000 R=1.000 F1=1.000
2026-03-14 08:09:53,098 [INFO] EMAIL        P=1.000 R=1.000 F1=1.000
2026-03-14 08:09:53,098 [INFO] HOSPITAL     P=1.000 R=1.000 F1=1.000
2026-03-14 08:09:53,098 [INFO] ID           P=1.000 R=1.000 F1=1.000
2026-03-14 08:09:53,098 [INFO] LOCATION     P=1.000 R=1.000 F1=1.000
2026-03-14 08:09:53,098 [INFO] NAME         P=1.000 R=1.000 F1=1.000
2026-03-14 08:09:53,098 [INFO] PHONE        P=1.000 R=1.000 F1=1.000
2026-03-14 08:10:44,409 [INFO] Epoch 6/10 | Train Loss: -49.2972 | Val Loss: -52.4891 | Val F1: 1.0000 | Time: 51.3s
2026-03-14 08:10:44,409 [INFO] DATE         P=1.000 R=1.000 F1=1.000
2026-03-14 08:10:44,409 [INFO] DOCTOR       P=1.000 R=1.000 F1=1.000
2026-03-14 08:10:44,409 [INFO] EMAIL        P=1.000 R=1.000 F1=1.000
2026-03-14 08:10:44,409 [INFO] HOSPITAL     P=1.000 R=1.000 F1=1.000
2026-03-14 08:10:44,410 [INFO] ID           P=1.000 R=1.000 F1=1.000
2026-03-14 08:10:44,410 [INFO] LOCATION     P=1.000 R=1.000 F1=1.000
2026-03-14 08:10:44,410 [INFO] NAME         P=1.000 R=1.000 F1=1.000
2026-03-14 08:10:44,410 [INFO] PHONE        P=1.000 R=1.000 F1=1.000
2026-03-14 08:11:47,740 [INFO] Epoch 7/10 | Train Loss: -53.9234 | Val Loss: -57.1928 | Val F1: 1.0000 | Time: 63.3s
2026-03-14 08:11:47,741 [INFO] DATE         P=1.000 R=1.000 F1=1.000
2026-03-14 08:11:47,741 [INFO] DOCTOR       P=1.000 R=1.000 F1=1.000
2026-03-14 08:11:47,741 [INFO] EMAIL        P=1.000 R=1.000 F1=1.000
2026-03-14 08:11:47,741 [INFO] HOSPITAL     P=1.000 R=1.000 F1=1.000
2026-03-14 08:11:47,741 [INFO] ID           P=1.000 R=1.000 F1=1.000
2026-03-14 08:11:47,742 [INFO] LOCATION     P=1.000 R=1.000 F1=1.000
2026-03-14 08:11:47,742 [INFO] NAME         P=1.000 R=1.000 F1=1.000
2026-03-14 08:11:47,742 [INFO] PHONE        P=1.000 R=1.000 F1=1.000
2026-03-14 08:11:47,742 [INFO] Early stopping triggered
2026-03-14 08:11:47,761 [INFO] Checkpoint saved -> D:\Projects\phi_deidentification\checkpoints\final_model.pt
2026-03-14 08:11:47,763 [INFO] ============================================================
2026-03-14 08:11:47,763 [INFO] Training finished | Best F1: 1.0000
2026-03-14 08:11:47,763 [INFO] Best model -> D:\Projects\phi_deidentification\checkpoints\best_model.pt
2026-03-14 08:11:47,763 [INFO] Final model -> D:\Projects\phi_deidentification\checkpoints\final_model.pt
2026-03-14 08:11:47,764 [INFO] ============================================================
2026-03-14 08:17:10,978 [INFO] Using device: cpu
2026-03-14 08:17:10,978 [INFO] Loading vocabulary from D:\Projects\phi_deidentification\data\vocab.txt
2026-03-14 08:17:10,982 [INFO] Vocabulary size: 4640
2026-03-14 08:17:11,705 [INFO] Model parameters: 1258068
2026-03-14 08:17:12,749 [INFO] ============================================================
2026-03-14 08:17:12,749 [INFO] Starting training
2026-03-14 08:17:12,749 [INFO] ============================================================
2026-03-14 08:18:23,008 [INFO] Epoch 1/10 | Train Loss: -4.4450 | Val Loss: -10.4216 | Val F1: 0.9998 | Time: 70.3s
2026-03-14 08:18:23,009 [INFO] DATE         P=1.000 R=1.000 F1=1.000
2026-03-14 08:18:23,009 [INFO] DOCTOR       P=1.000 R=1.000 F1=1.000
2026-03-14 08:18:23,009 [INFO] EMAIL        P=1.000 R=0.999 F1=1.000
2026-03-14 08:18:23,009 [INFO] HOSPITAL     P=1.000 R=1.000 F1=1.000
2026-03-14 08:18:23,009 [INFO] ID           P=1.000 R=1.000 F1=1.000
2026-03-14 08:18:23,009 [INFO] LOCATION     P=1.000 R=1.000 F1=1.000
2026-03-14 08:18:23,011 [INFO] NAME         P=1.000 R=1.000 F1=1.000
2026-03-14 08:18:23,011 [INFO] PHONE        P=1.000 R=1.000 F1=1.000
2026-03-14 08:18:23,035 [INFO] Checkpoint saved -> D:\Projects\phi_deidentification\checkpoints\best_model.pt
2026-03-14 08:18:23,036 [INFO] New best model F1=0.9998
2026-03-14 08:19:35,730 [INFO] Epoch 2/10 | Train Loss: -14.9231 | Val Loss: -19.9278 | Val F1: 0.9999 | Time: 72.7s
2026-03-14 08:19:35,731 [INFO] DATE         P=1.000 R=1.000 F1=1.000
2026-03-14 08:19:35,731 [INFO] DOCTOR       P=1.000 R=1.000 F1=1.000
2026-03-14 08:19:35,731 [INFO] EMAIL        P=1.000 R=0.999 F1=1.000
2026-03-14 08:19:35,731 [INFO] HOSPITAL     P=1.000 R=1.000 F1=1.000
2026-03-14 08:19:35,731 [INFO] ID           P=1.000 R=1.000 F1=1.000
2026-03-14 08:19:35,731 [INFO] LOCATION     P=1.000 R=1.000 F1=1.000
2026-03-14 08:19:35,731 [INFO] NAME         P=1.000 R=1.000 F1=1.000
2026-03-14 08:19:35,732 [INFO] PHONE        P=1.000 R=1.000 F1=1.000
2026-03-14 08:19:35,754 [INFO] Checkpoint saved -> D:\Projects\phi_deidentification\checkpoints\best_model.pt
2026-03-14 08:19:35,754 [INFO] New best model F1=0.9999
2026-03-14 08:20:50,708 [INFO] Epoch 3/10 | Train Loss: -24.2302 | Val Loss: -29.3615 | Val F1: 0.9996 | Time: 75.0s
2026-03-14 08:20:50,708 [INFO] DATE         P=1.000 R=1.000 F1=1.000
2026-03-14 08:20:50,709 [INFO] DOCTOR       P=1.000 R=1.000 F1=1.000
2026-03-14 08:20:50,709 [INFO] EMAIL        P=1.000 R=1.000 F1=1.000
2026-03-14 08:20:50,709 [INFO] HOSPITAL     P=1.000 R=1.000 F1=1.000
2026-03-14 08:20:50,709 [INFO] ID           P=1.000 R=1.000 F1=1.000
2026-03-14 08:20:50,709 [INFO] LOCATION     P=1.000 R=1.000 F1=1.000
2026-03-14 08:20:50,709 [INFO] NAME         P=0.998 R=0.999 F1=0.999
2026-03-14 08:20:50,709 [INFO] PHONE        P=1.000 R=1.000 F1=1.000
2026-03-14 08:21:51,385 [INFO] Epoch 4/10 | Train Loss: -33.4912 | Val Loss: -38.7689 | Val F1: 0.9999 | Time: 60.7s
2026-03-14 08:21:51,386 [INFO] DATE         P=1.000 R=1.000 F1=1.000
2026-03-14 08:21:51,386 [INFO] DOCTOR       P=1.000 R=1.000 F1=1.000
2026-03-14 08:21:51,386 [INFO] EMAIL        P=1.000 R=1.000 F1=1.000
2026-03-14 08:21:51,387 [INFO] HOSPITAL     P=1.000 R=1.000 F1=1.000
2026-03-14 08:21:51,387 [INFO] ID           P=1.000 R=1.000 F1=1.000
2026-03-14 08:21:51,387 [INFO] LOCATION     P=1.000 R=1.000 F1=1.000
2026-03-14 08:21:51,387 [INFO] NAME         P=1.000 R=1.000 F1=1.000
2026-03-14 08:21:51,387 [INFO] PHONE        P=1.000 R=1.000 F1=1.000
2026-03-14 08:23:04,618 [INFO] Epoch 5/10 | Train Loss: -42.7523 | Val Loss: -48.1985 | Val F1: 1.0000 | Time: 73.2s
2026-03-14 08:23:04,618 [INFO] DATE         P=1.000 R=1.000 F1=1.000
2026-03-14 08:23:04,618 [INFO] DOCTOR       P=1.000 R=1.000 F1=1.000
2026-03-14 08:23:04,619 [INFO] EMAIL        P=1.000 R=1.000 F1=1.000
2026-03-14 08:23:04,619 [INFO] HOSPITAL     P=1.000 R=1.000 F1=1.000
2026-03-14 08:23:04,619 [INFO] ID           P=1.000 R=1.000 F1=1.000
2026-03-14 08:23:04,619 [INFO] LOCATION     P=1.000 R=1.000 F1=1.000
2026-03-14 08:23:04,619 [INFO] NAME         P=1.000 R=1.000 F1=1.000
2026-03-14 08:23:04,620 [INFO] PHONE        P=1.000 R=1.000 F1=1.000
2026-03-14 08:23:04,641 [INFO] Checkpoint saved -> D:\Projects\phi_deidentification\checkpoints\best_model.pt
2026-03-14 08:23:04,641 [INFO] New best model F1=1.0000
2026-03-14 08:24:19,841 [INFO] Epoch 6/10 | Train Loss: -52.0149 | Val Loss: -57.6068 | Val F1: 1.0000 | Time: 75.2s
2026-03-14 08:24:19,841 [INFO] DATE         P=1.000 R=1.000 F1=1.000
2026-03-14 08:24:19,841 [INFO] DOCTOR       P=1.000 R=1.000 F1=1.000
2026-03-14 08:24:19,841 [INFO] EMAIL        P=1.000 R=1.000 F1=1.000
2026-03-14 08:24:19,841 [INFO] HOSPITAL     P=1.000 R=1.000 F1=1.000
2026-03-14 08:24:19,843 [INFO] ID           P=1.000 R=1.000 F1=1.000
2026-03-14 08:24:19,843 [INFO] LOCATION     P=1.000 R=1.000 F1=1.000
2026-03-14 08:24:19,843 [INFO] NAME         P=1.000 R=1.000 F1=1.000
2026-03-14 08:24:19,843 [INFO] PHONE        P=1.000 R=1.000 F1=1.000
2026-03-14 08:25:23,894 [INFO] Epoch 7/10 | Train Loss: -61.2653 | Val Loss: -67.0186 | Val F1: 1.0000 | Time: 64.1s
2026-03-14 08:25:23,895 [INFO] DATE         P=1.000 R=1.000 F1=1.000
2026-03-14 08:25:23,895 [INFO] DOCTOR       P=1.000 R=1.000 F1=1.000
2026-03-14 08:25:23,895 [INFO] EMAIL        P=1.000 R=1.000 F1=1.000
2026-03-14 08:25:23,895 [INFO] HOSPITAL     P=1.000 R=1.000 F1=1.000
2026-03-14 08:25:23,895 [INFO] ID           P=1.000 R=1.000 F1=1.000
2026-03-14 08:25:23,896 [INFO] LOCATION     P=1.000 R=1.000 F1=1.000
2026-03-14 08:25:23,896 [INFO] NAME         P=1.000 R=1.000 F1=1.000
2026-03-14 08:25:23,896 [INFO] PHONE        P=1.000 R=1.000 F1=1.000
2026-03-14 08:26:22,692 [INFO] Epoch 8/10 | Train Loss: -70.5290 | Val Loss: -76.4335 | Val F1: 1.0000 | Time: 58.8s
2026-03-14 08:26:22,692 [INFO] DATE         P=1.000 R=1.000 F1=1.000
2026-03-14 08:26:22,692 [INFO] DOCTOR       P=1.000 R=1.000 F1=1.000
2026-03-14 08:26:22,693 [INFO] EMAIL        P=1.000 R=1.000 F1=1.000
2026-03-14 08:26:22,693 [INFO] HOSPITAL     P=1.000 R=1.000 F1=1.000
2026-03-14 08:26:22,693 [INFO] ID           P=1.000 R=1.000 F1=1.000
2026-03-14 08:26:22,693 [INFO] LOCATION     P=1.000 R=1.000 F1=1.000
2026-03-14 08:26:22,693 [INFO] NAME         P=1.000 R=1.000 F1=1.000
2026-03-14 08:26:22,694 [INFO] PHONE        P=1.000 R=1.000 F1=1.000
2026-03-14 08:27:33,275 [INFO] Epoch 9/10 | Train Loss: -77.4697 | Val Loss: -81.1385 | Val F1: 1.0000 | Time: 70.6s
2026-03-14 08:27:33,276 [INFO] DATE         P=1.000 R=1.000 F1=1.000
2026-03-14 08:27:33,276 [INFO] DOCTOR       P=1.000 R=1.000 F1=1.000
2026-03-14 08:27:33,276 [INFO] EMAIL        P=1.000 R=1.000 F1=1.000
2026-03-14 08:27:33,276 [INFO] HOSPITAL     P=1.000 R=1.000 F1=1.000
2026-03-14 08:27:33,276 [INFO] ID           P=1.000 R=1.000 F1=1.000
2026-03-14 08:27:33,276 [INFO] LOCATION     P=1.000 R=1.000 F1=1.000
2026-03-14 08:27:33,276 [INFO] NAME         P=1.000 R=1.000 F1=1.000
2026-03-14 08:27:33,276 [INFO] PHONE        P=1.000 R=1.000 F1=1.000
2026-03-14 08:28:45,922 [INFO] Epoch 10/10 | Train Loss: -82.1013 | Val Loss: -85.8438 | Val F1: 1.0000 | Time: 72.6s
2026-03-14 08:28:45,922 [INFO] DATE         P=1.000 R=1.000 F1=1.000
2026-03-14 08:28:45,923 [INFO] DOCTOR       P=1.000 R=1.000 F1=1.000
2026-03-14 08:28:45,923 [INFO] EMAIL        P=1.000 R=1.000 F1=1.000
2026-03-14 08:28:45,923 [INFO] HOSPITAL     P=1.000 R=1.000 F1=1.000
2026-03-14 08:28:45,923 [INFO] ID           P=1.000 R=1.000 F1=1.000
2026-03-14 08:28:45,923 [INFO] LOCATION     P=1.000 R=1.000 F1=1.000
2026-03-14 08:28:45,923 [INFO] NAME         P=1.000 R=1.000 F1=1.000
2026-03-14 08:28:45,924 [INFO] PHONE        P=1.000 R=1.000 F1=1.000
2026-03-14 08:28:45,924 [INFO] Early stopping triggered
2026-03-14 08:28:45,947 [INFO] Checkpoint saved -> D:\Projects\phi_deidentification\checkpoints\final_model.pt
2026-03-14 08:28:45,949 [INFO] ============================================================
2026-03-14 08:28:45,949 [INFO] Training finished | Best F1: 1.0000
2026-03-14 08:28:45,950 [INFO] Best model -> D:\Projects\phi_deidentification\checkpoints\best_model.pt
2026-03-14 08:28:45,950 [INFO] Final model -> D:\Projects\phi_deidentification\checkpoints\final_model.pt
2026-03-14 08:28:45,950 [INFO] ============================================================
